<?xml version="1.0" encoding="UTF-8" ?>
<testsuite tests="6" failures="0" name="com.veridu.endpoint.TaskTest" time="0.06" errors="0" skipped="0">
  <properties>
[...]
</properties>
  <testcase classname="com.veridu.endpoint.TaskTest" name="listAllReturnsArray" time="0.052"/>
  <testcase classname="com.veridu.endpoint.TaskTest" name="listAllThrowsEmpySession" time="0.001"/>
  <testcase classname="com.veridu.endpoint.TaskTest" name="listAllThrowsEmptyUsername" time="0.001"/>
  <testcase classname="com.veridu.endpoint.TaskTest" name="detailsReturnsJson" time="0.003"/>
  <testcase classname="com.veridu.endpoint.TaskTest" name="detailsThrowsEmpySession" time="0.002"/>
  <testcase classname="com.veridu.endpoint.TaskTest" name="detailsThrowsEmptyUsername" time="0.001"/>
</testsuite>